{"/Users/admin/Documents/Hexlet-JS/Hexlet-JS-Project/frontend-project-lvl2/src/formatter.js": {"path":"/Users/admin/Documents/Hexlet-JS/Hexlet-JS-Project/frontend-project-lvl2/src/formatter.js","all":false,"statementMap":{"0":{"start":{"line":1,"column":0},"end":{"line":1,"column":34}},"1":{"start":{"line":2,"column":0},"end":{"line":2,"column":24}},"2":{"start":{"line":3,"column":0},"end":{"line":3,"column":0}},"3":{"start":{"line":4,"column":0},"end":{"line":4,"column":33}},"4":{"start":{"line":5,"column":0},"end":{"line":5,"column":41}},"5":{"start":{"line":6,"column":0},"end":{"line":6,"column":48}},"6":{"start":{"line":7,"column":0},"end":{"line":7,"column":39}},"7":{"start":{"line":8,"column":0},"end":{"line":8,"column":19}},"8":{"start":{"line":9,"column":0},"end":{"line":9,"column":2}},"9":{"start":{"line":10,"column":0},"end":{"line":10,"column":25}}},"s":{"0":2,"1":2,"2":2,"3":2,"4":2,"5":1,"6":1,"7":1,"8":1,"9":1},"branchMap":{"0":{"type":"branch","line":1,"loc":{"start":{"line":1,"column":0},"end":{"line":6,"column":29}},"locations":[{"start":{"line":1,"column":0},"end":{"line":6,"column":29}}]}},"b":{"0":[2]},"fnMap":{"0":{"name":"formatter","decl":{"start":{"line":1,"column":0},"end":{"line":6,"column":29}},"loc":{"start":{"line":1,"column":0},"end":{"line":6,"column":29}},"line":1}},"f":{"0":2}}
,"/Users/admin/Documents/Hexlet-JS/Hexlet-JS-Project/frontend-project-lvl2/src/index.js": {"path":"/Users/admin/Documents/Hexlet-JS/Hexlet-JS-Project/frontend-project-lvl2/src/index.js","all":false,"statementMap":{"0":{"start":{"line":1,"column":0},"end":{"line":1,"column":23}},"1":{"start":{"line":2,"column":0},"end":{"line":2,"column":39}},"2":{"start":{"line":3,"column":0},"end":{"line":3,"column":0}},"3":{"start":{"line":4,"column":0},"end":{"line":4,"column":34}},"4":{"start":{"line":5,"column":0},"end":{"line":5,"column":43}},"5":{"start":{"line":6,"column":0},"end":{"line":6,"column":37}},"6":{"start":{"line":7,"column":0},"end":{"line":7,"column":37}},"7":{"start":{"line":8,"column":0},"end":{"line":8,"column":30}},"8":{"start":{"line":9,"column":0},"end":{"line":9,"column":30}},"9":{"start":{"line":10,"column":0},"end":{"line":10,"column":47}},"10":{"start":{"line":11,"column":0},"end":{"line":11,"column":46}},"11":{"start":{"line":12,"column":0},"end":{"line":12,"column":58}},"12":{"start":{"line":13,"column":0},"end":{"line":13,"column":62}},"13":{"start":{"line":14,"column":0},"end":{"line":14,"column":60}},"14":{"start":{"line":15,"column":0},"end":{"line":15,"column":62}},"15":{"start":{"line":16,"column":0},"end":{"line":16,"column":96}},"16":{"start":{"line":17,"column":0},"end":{"line":17,"column":110}},"17":{"start":{"line":18,"column":0},"end":{"line":18,"column":5}},"18":{"start":{"line":19,"column":0},"end":{"line":19,"column":60}},"19":{"start":{"line":20,"column":0},"end":{"line":20,"column":5}},"20":{"start":{"line":21,"column":0},"end":{"line":21,"column":41}},"21":{"start":{"line":22,"column":0},"end":{"line":22,"column":2}},"22":{"start":{"line":23,"column":0},"end":{"line":23,"column":23}}},"s":{"0":1,"1":1,"2":1,"3":1,"4":1,"5":1,"6":1,"7":1,"8":1,"9":1,"10":1,"11":1,"12":1,"13":1,"14":1,"15":1,"16":1,"17":1,"18":1,"19":1,"20":1,"21":1,"22":1},"branchMap":{"0":{"type":"branch","line":2,"loc":{"start":{"line":2,"column":7},"end":{"line":19,"column":31}},"locations":[{"start":{"line":2,"column":7},"end":{"line":19,"column":31}}]},"1":{"type":"branch","line":10,"loc":{"start":{"line":10,"column":40},"end":{"line":11,"column":20}},"locations":[{"start":{"line":10,"column":40},"end":{"line":11,"column":20}}]},"2":{"type":"branch","line":11,"loc":{"start":{"line":11,"column":20},"end":{"line":12,"column":47}},"locations":[{"start":{"line":11,"column":20},"end":{"line":12,"column":47}}]},"3":{"type":"branch","line":12,"loc":{"start":{"line":12,"column":34},"end":{"line":13,"column":26}},"locations":[{"start":{"line":12,"column":34},"end":{"line":13,"column":26}}]},"4":{"type":"branch","line":13,"loc":{"start":{"line":13,"column":17},"end":{"line":13,"column":45}},"locations":[{"start":{"line":13,"column":17},"end":{"line":13,"column":45}}]},"5":{"type":"branch","line":13,"loc":{"start":{"line":13,"column":45},"end":{"line":14,"column":49}},"locations":[{"start":{"line":13,"column":45},"end":{"line":14,"column":49}}]},"6":{"type":"branch","line":14,"loc":{"start":{"line":14,"column":36},"end":{"line":15,"column":45}},"locations":[{"start":{"line":14,"column":36},"end":{"line":15,"column":45}}]},"7":{"type":"branch","line":15,"loc":{"start":{"line":15,"column":41},"end":{"line":16,"column":11}},"locations":[{"start":{"line":15,"column":41},"end":{"line":16,"column":11}}]},"8":{"type":"branch","line":16,"loc":{"start":{"line":16,"column":12},"end":{"line":17,"column":99}},"locations":[{"start":{"line":16,"column":12},"end":{"line":17,"column":99}}]}},"b":{"0":[1],"1":[4],"2":[2],"3":[3],"4":[1],"5":[1],"6":[2],"7":[2],"8":[1]},"fnMap":{"0":{"name":"genDiff","decl":{"start":{"line":2,"column":7},"end":{"line":19,"column":31}},"loc":{"start":{"line":2,"column":7},"end":{"line":19,"column":31}},"line":2}},"f":{"0":1}}
}
