TN:
SF:src/formatter.js
FN:1,formatter
FNF:1
FNH:1
FNDA:2,formatter
DA:1,2
DA:2,2
DA:3,2
DA:4,2
DA:5,2
DA:6,1
DA:7,1
DA:8,1
DA:9,1
DA:10,1
LF:10
LH:10
BRDA:1,0,0,2
BRF:1
BRH:1
end_of_record
TN:
SF:src/index.js
FN:2,genDiff
FNF:1
FNH:1
FNDA:1,genDiff
DA:1,1
DA:2,1
DA:3,1
DA:4,1
DA:5,1
DA:6,1
DA:7,1
DA:8,1
DA:9,1
DA:10,1
DA:11,1
DA:12,1
DA:13,1
DA:14,1
DA:15,1
DA:16,1
DA:17,1
DA:18,1
DA:19,1
DA:20,1
DA:21,1
DA:22,1
DA:23,1
LF:23
LH:23
BRDA:2,0,0,1
BRDA:10,1,0,4
BRDA:11,2,0,2
BRDA:12,3,0,3
BRDA:13,4,0,1
BRDA:13,5,0,1
BRDA:14,6,0,2
BRDA:15,7,0,2
BRDA:16,8,0,1
BRF:9
BRH:9
end_of_record
